2018-04-16 18:17:46.008  INFO 5312 --- [restartedMain] com.training.quizzer.quizzerApplication  : Starting quizzerApplication on User-PC with PID 5312 (C:\WORK\Quizzer\target\classes started by User in C:\WORK\Quizzer)
2018-04-16 18:17:46.013  INFO 5312 --- [restartedMain] com.training.quizzer.quizzerApplication  : No active profile set, falling back to default profiles: default
2018-04-16 18:17:46.265  INFO 5312 --- [restartedMain] ationConfigEmbeddedWebApplicationContext : Refreshing org.springframework.boot.context.embedded.AnnotationConfigEmbeddedWebApplicationContext@31527db6: startup date [Mon Apr 16 18:17:46 EEST 2018]; root of context hierarchy
2018-04-16 18:17:50.029  WARN 5312 --- [restartedMain] o.s.c.a.ConfigurationClassPostProcessor  : Cannot enhance @Configuration bean definition 'com.vaadin.spring.VaadinConfiguration' since its singleton instance has been created too early. The typical cause is a non-static @Bean method with a BeanDefinitionRegistryPostProcessor return type: Consider declaring such methods as 'static'.
2018-04-16 18:17:50.816  INFO 5312 --- [restartedMain] trationDelegate$BeanPostProcessorChecker : Bean 'org.springframework.ws.config.annotation.DelegatingWsConfiguration' of type [org.springframework.ws.config.annotation.DelegatingWsConfiguration$$EnhancerBySpringCGLIB$$78d3745e] is not eligible for getting processed by all BeanPostProcessors (for example: not eligible for auto-proxying)
2018-04-16 18:17:50.898  INFO 5312 --- [restartedMain] .w.s.a.s.AnnotationActionEndpointMapping : Supporting [WS-Addressing August 2004, WS-Addressing 1.0]
2018-04-16 18:17:50.981  INFO 5312 --- [restartedMain] trationDelegate$BeanPostProcessorChecker : Bean 'org.springframework.transaction.annotation.ProxyTransactionManagementConfiguration' of type [org.springframework.transaction.annotation.ProxyTransactionManagementConfiguration$$EnhancerBySpringCGLIB$$d43baf5f] is not eligible for getting processed by all BeanPostProcessors (for example: not eligible for auto-proxying)
2018-04-16 18:17:51.551  INFO 5312 --- [restartedMain] s.b.c.e.t.TomcatEmbeddedServletContainer : Tomcat initialized with port(s): 8080 (http)
2018-04-16 18:17:51.571  INFO 5312 --- [restartedMain] o.apache.catalina.core.StandardService   : Starting service Tomcat
2018-04-16 18:17:51.571  INFO 5312 --- [restartedMain] org.apache.catalina.core.StandardEngine  : Starting Servlet Engine: Apache Tomcat/8.5.14
2018-04-16 18:17:51.716  INFO 5312 --- [localhost-startStop-1] o.a.c.c.C.[Tomcat].[localhost].[/]       : Initializing Spring embedded WebApplicationContext
2018-04-16 18:17:51.726  INFO 5312 --- [localhost-startStop-1] o.s.web.context.ContextLoader            : Root WebApplicationContext: initialization completed in 5461 ms
2018-04-16 18:17:51.976  INFO 5312 --- [localhost-startStop-1] c.v.s.b.i.VaadinServletConfiguration     : Registering Vaadin servlet
2018-04-16 18:17:51.976  INFO 5312 --- [localhost-startStop-1] c.v.s.b.i.VaadinServletConfiguration     : Servlet will be mapped to URLs [/vaadinServlet/*, /VAADIN/*]
2018-04-16 18:17:52.006  INFO 5312 --- [localhost-startStop-1] c.v.s.b.i.VaadinServletConfiguration     : Setting servlet init parameters
2018-04-16 18:17:52.006  INFO 5312 --- [localhost-startStop-1] c.v.s.b.i.VaadinServletConfiguration     : Set servlet init parameter [productionMode] = [false]
2018-04-16 18:17:52.006  INFO 5312 --- [localhost-startStop-1] c.v.s.b.i.VaadinServletConfiguration     : Set servlet init parameter [resourceCacheTime] = [3600]
2018-04-16 18:17:52.006  INFO 5312 --- [localhost-startStop-1] c.v.s.b.i.VaadinServletConfiguration     : Set servlet init parameter [heartbeatInterval] = [300]
2018-04-16 18:17:52.006  INFO 5312 --- [localhost-startStop-1] c.v.s.b.i.VaadinServletConfiguration     : Set servlet init parameter [closeIdleSessions] = [false]
2018-04-16 18:17:52.126  INFO 5312 --- [localhost-startStop-1] o.s.b.w.servlet.ServletRegistrationBean  : Mapping servlet: 'dispatcherServlet' to [/]
2018-04-16 18:17:52.128  INFO 5312 --- [localhost-startStop-1] o.s.b.w.servlet.ServletRegistrationBean  : Mapping servlet: 'springVaadinServlet' to [/vaadinServlet/*, /VAADIN/*]
2018-04-16 18:17:52.128  INFO 5312 --- [localhost-startStop-1] o.s.b.w.servlet.ServletRegistrationBean  : Mapping servlet: 'messageDispatcherServlet' to [/services/*]
2018-04-16 18:17:52.133  INFO 5312 --- [localhost-startStop-1] o.s.b.w.servlet.FilterRegistrationBean   : Mapping filter: 'characterEncodingFilter' to: [/*]
2018-04-16 18:17:52.136  INFO 5312 --- [localhost-startStop-1] o.s.b.w.servlet.FilterRegistrationBean   : Mapping filter: 'hiddenHttpMethodFilter' to: [/*]
2018-04-16 18:17:52.136  INFO 5312 --- [localhost-startStop-1] o.s.b.w.servlet.FilterRegistrationBean   : Mapping filter: 'httpPutFormContentFilter' to: [/*]
2018-04-16 18:17:52.136  INFO 5312 --- [localhost-startStop-1] o.s.b.w.servlet.FilterRegistrationBean   : Mapping filter: 'requestContextFilter' to: [/*]
2018-04-16 18:17:53.080  INFO 5312 --- [restartedMain] j.LocalContainerEntityManagerFactoryBean : Building JPA container EntityManagerFactory for persistence unit 'default'
2018-04-16 18:17:53.102  INFO 5312 --- [restartedMain] o.hibernate.jpa.internal.util.LogHelper  : HHH000204: Processing PersistenceUnitInfo [
	name: default
	...]
2018-04-16 18:17:53.255  INFO 5312 --- [restartedMain] org.hibernate.Version                    : HHH000412: Hibernate Core {5.0.12.Final}
2018-04-16 18:17:53.255  INFO 5312 --- [restartedMain] org.hibernate.cfg.Environment            : HHH000206: hibernate.properties not found
2018-04-16 18:17:53.255  INFO 5312 --- [restartedMain] org.hibernate.cfg.Environment            : HHH000021: Bytecode provider name : javassist
2018-04-16 18:17:53.392  INFO 5312 --- [restartedMain] o.hibernate.annotations.common.Version   : HCANN000001: Hibernate Commons Annotations {5.0.1.Final}
2018-04-16 18:17:54.179  INFO 5312 --- [restartedMain] org.hibernate.dialect.Dialect            : HHH000400: Using dialect: org.hibernate.dialect.MySQL5Dialect
2018-04-16 18:17:55.274  INFO 5312 --- [restartedMain] j.LocalContainerEntityManagerFactoryBean : Initialized JPA EntityManagerFactory for persistence unit 'default'
2018-04-16 18:17:55.789  INFO 5312 --- [restartedMain] o.h.h.i.QueryTranslatorFactoryInitiator  : HHH000397: Using ASTQueryTranslatorFactory
2018-04-16 18:17:56.709  INFO 5312 --- [restartedMain] s.w.s.m.m.a.RequestMappingHandlerAdapter : Looking for @ControllerAdvice: org.springframework.boot.context.embedded.AnnotationConfigEmbeddedWebApplicationContext@31527db6: startup date [Mon Apr 16 18:17:46 EEST 2018]; root of context hierarchy
2018-04-16 18:17:56.834  INFO 5312 --- [restartedMain] s.w.s.m.m.a.RequestMappingHandlerMapping : Mapped "{[/error]}" onto public org.springframework.http.ResponseEntity<java.util.Map<java.lang.String, java.lang.Object>> org.springframework.boot.autoconfigure.web.BasicErrorController.error(javax.servlet.http.HttpServletRequest)
2018-04-16 18:17:56.836  INFO 5312 --- [restartedMain] s.w.s.m.m.a.RequestMappingHandlerMapping : Mapped "{[/error],produces=[text/html]}" onto public org.springframework.web.servlet.ModelAndView org.springframework.boot.autoconfigure.web.BasicErrorController.errorHtml(javax.servlet.http.HttpServletRequest,javax.servlet.http.HttpServletResponse)
2018-04-16 18:17:56.919  INFO 5312 --- [restartedMain] o.s.w.s.handler.SimpleUrlHandlerMapping  : Mapped URL path [/webjars/**] onto handler of type [class org.springframework.web.servlet.resource.ResourceHttpRequestHandler]
2018-04-16 18:17:56.919  INFO 5312 --- [restartedMain] o.s.w.s.handler.SimpleUrlHandlerMapping  : Mapped URL path [/**] onto handler of type [class org.springframework.web.servlet.resource.ResourceHttpRequestHandler]
2018-04-16 18:17:57.061  INFO 5312 --- [restartedMain] o.s.w.s.handler.SimpleUrlHandlerMapping  : Mapped URL path [/**/favicon.ico] onto handler of type [class org.springframework.web.servlet.resource.ResourceHttpRequestHandler]
2018-04-16 18:17:57.146  INFO 5312 --- [restartedMain] c.v.s.b.i.VaadinServletConfiguration     : Checking the application context for Vaadin UI mappings
2018-04-16 18:17:57.166  INFO 5312 --- [restartedMain] c.v.s.b.i.VaadinServletConfiguration     : Registering Vaadin servlet of type [com.vaadin.spring.server.SpringVaadinServlet]
2018-04-16 18:17:57.186  INFO 5312 --- [restartedMain] c.v.s.b.i.VaadinServletConfiguration     : Forwarding @SpringUI URLs from {/=org.springframework.web.servlet.mvc.ServletForwardingController@328473ca}
2018-04-16 18:17:57.186  INFO 5312 --- [restartedMain] o.s.w.s.handler.SimpleUrlHandlerMapping  : Root mapping to handler of type [class org.springframework.web.servlet.mvc.ServletForwardingController]
2018-04-16 18:17:57.666  INFO 5312 --- [restartedMain] o.s.b.d.a.OptionalLiveReloadServer       : LiveReload server is running on port 35729
2018-04-16 18:18:00.380  INFO 5312 --- [restartedMain] o.s.j.e.a.AnnotationMBeanExporter        : Registering beans for JMX exposure on startup
2018-04-16 18:18:00.657  INFO 5312 --- [restartedMain] s.b.c.e.t.TomcatEmbeddedServletContainer : Tomcat started on port(s): 8080 (http)
2018-04-16 18:18:00.672  INFO 5312 --- [restartedMain] com.training.quizzer.quizzerApplication  : Started quizzerApplication in 15.203 seconds (JVM running for 37.157)
2018-04-16 18:18:09.943  INFO 5312 --- [http-nio-8080-exec-3] o.a.c.c.C.[Tomcat].[localhost].[/]       : Initializing Spring FrameworkServlet 'dispatcherServlet'
2018-04-16 18:18:09.943  INFO 5312 --- [http-nio-8080-exec-3] o.s.web.servlet.DispatcherServlet        : FrameworkServlet 'dispatcherServlet': initialization started
2018-04-16 18:18:09.988  INFO 5312 --- [http-nio-8080-exec-3] o.s.web.servlet.DispatcherServlet        : FrameworkServlet 'dispatcherServlet': initialization completed in 45 ms
2018-04-16 18:18:10.033  WARN 5312 --- [http-nio-8080-exec-3] c.v.s.DefaultDeploymentConfiguration     : 
=================================================================
Vaadin is running in DEBUG MODE.
Add productionMode=true to web.xml to disable debug features.
To show debug window, add ?debug to your application URL.
=================================================================
2018-04-16 18:18:10.158  INFO 5312 --- [http-nio-8080-exec-3] org.atmosphere.cpr.AtmosphereFramework   : Installed AtmosphereHandler com.vaadin.server.communication.PushAtmosphereHandler mapped to context-path: /*
2018-04-16 18:18:10.158  INFO 5312 --- [http-nio-8080-exec-3] org.atmosphere.cpr.AtmosphereFramework   : Installed the following AtmosphereInterceptor mapped to AtmosphereHandler com.vaadin.server.communication.PushAtmosphereHandler
2018-04-16 18:18:10.298  INFO 5312 --- [http-nio-8080-exec-3] org.atmosphere.cpr.AtmosphereFramework   : Atmosphere is using org.atmosphere.util.VoidAnnotationProcessor for processing annotation
2018-04-16 18:18:10.318  INFO 5312 --- [http-nio-8080-exec-3] org.atmosphere.util.ForkJoinPool         : Using ForkJoinPool  java.util.concurrent.ForkJoinPool. Set the org.atmosphere.cpr.broadcaster.maxAsyncWriteThreads to -1 to fully use its power.
2018-04-16 18:18:10.338  INFO 5312 --- [http-nio-8080-exec-3] org.atmosphere.cpr.AtmosphereFramework   : Installed WebSocketProtocol org.atmosphere.websocket.protocol.SimpleHttpProtocol 
2018-04-16 18:18:10.383  WARN 5312 --- [http-nio-8080-exec-3] org.atmosphere.util.IOUtils              : More than one Servlet Mapping defined. WebSocket may not work org.apache.catalina.core.ApplicationServletRegistration@22df3542
2018-04-16 18:18:10.383  INFO 5312 --- [http-nio-8080-exec-3] o.a.container.JSR356AsyncSupport         : JSR 356 Mapping path /vaadinServlet
2018-04-16 18:18:10.411  INFO 5312 --- [http-nio-8080-exec-3] org.atmosphere.cpr.AtmosphereFramework   : Installing Default AtmosphereInterceptors
2018-04-16 18:18:10.413  INFO 5312 --- [http-nio-8080-exec-3] org.atmosphere.cpr.AtmosphereFramework   : 	org.atmosphere.interceptor.CorsInterceptor : CORS Interceptor Support
2018-04-16 18:18:10.413  INFO 5312 --- [http-nio-8080-exec-3] org.atmosphere.cpr.AtmosphereFramework   : 	org.atmosphere.interceptor.CacheHeadersInterceptor : Default Response's Headers Interceptor
2018-04-16 18:18:10.413  INFO 5312 --- [http-nio-8080-exec-3] org.atmosphere.cpr.AtmosphereFramework   : 	org.atmosphere.interceptor.PaddingAtmosphereInterceptor : Browser Padding Interceptor Support
2018-04-16 18:18:10.416  INFO 5312 --- [http-nio-8080-exec-3] org.atmosphere.cpr.AtmosphereFramework   : 	org.atmosphere.interceptor.AndroidAtmosphereInterceptor : Android Interceptor Support
2018-04-16 18:18:10.416  INFO 5312 --- [http-nio-8080-exec-3] org.atmosphere.cpr.AtmosphereFramework   : Dropping Interceptor org.atmosphere.interceptor.HeartbeatInterceptor
2018-04-16 18:18:10.416  INFO 5312 --- [http-nio-8080-exec-3] org.atmosphere.cpr.AtmosphereFramework   : 	org.atmosphere.interceptor.SSEAtmosphereInterceptor : SSE Interceptor Support
2018-04-16 18:18:10.418  INFO 5312 --- [http-nio-8080-exec-3] org.atmosphere.cpr.AtmosphereFramework   : 	org.atmosphere.interceptor.JSONPAtmosphereInterceptor : JSONP Interceptor Support
2018-04-16 18:18:10.421  INFO 5312 --- [http-nio-8080-exec-3] org.atmosphere.cpr.AtmosphereFramework   : 	org.atmosphere.interceptor.JavaScriptProtocol : Atmosphere JavaScript Protocol
2018-04-16 18:18:10.421  INFO 5312 --- [http-nio-8080-exec-3] org.atmosphere.cpr.AtmosphereFramework   : 	org.atmosphere.interceptor.WebSocketMessageSuspendInterceptor : org.atmosphere.interceptor.WebSocketMessageSuspendInterceptor
2018-04-16 18:18:10.423  INFO 5312 --- [http-nio-8080-exec-3] org.atmosphere.cpr.AtmosphereFramework   : 	org.atmosphere.interceptor.OnDisconnectInterceptor : Browser disconnection detection
2018-04-16 18:18:10.423  INFO 5312 --- [http-nio-8080-exec-3] org.atmosphere.cpr.AtmosphereFramework   : 	org.atmosphere.interceptor.IdleResourceInterceptor : org.atmosphere.interceptor.IdleResourceInterceptor
2018-04-16 18:18:10.423  INFO 5312 --- [http-nio-8080-exec-3] org.atmosphere.cpr.AtmosphereFramework   : Set org.atmosphere.cpr.AtmosphereInterceptor.disableDefaults to disable them.
2018-04-16 18:18:10.426  INFO 5312 --- [http-nio-8080-exec-3] org.atmosphere.cpr.AtmosphereFramework   : Installed AtmosphereInterceptor CORS Interceptor Support with priority FIRST_BEFORE_DEFAULT 
2018-04-16 18:18:10.433  INFO 5312 --- [http-nio-8080-exec-3] org.atmosphere.cpr.AtmosphereFramework   : Installed AtmosphereInterceptor Default Response's Headers Interceptor with priority AFTER_DEFAULT 
2018-04-16 18:18:10.436  INFO 5312 --- [http-nio-8080-exec-3] org.atmosphere.cpr.AtmosphereFramework   : Installed AtmosphereInterceptor Browser Padding Interceptor Support with priority AFTER_DEFAULT 
2018-04-16 18:18:10.436  INFO 5312 --- [http-nio-8080-exec-3] org.atmosphere.cpr.AtmosphereFramework   : Installed AtmosphereInterceptor Android Interceptor Support with priority AFTER_DEFAULT 
2018-04-16 18:18:10.436  INFO 5312 --- [http-nio-8080-exec-3] org.atmosphere.cpr.AtmosphereFramework   : Installed AtmosphereInterceptor SSE Interceptor Support with priority AFTER_DEFAULT 
2018-04-16 18:18:10.436  INFO 5312 --- [http-nio-8080-exec-3] org.atmosphere.cpr.AtmosphereFramework   : Installed AtmosphereInterceptor JSONP Interceptor Support with priority AFTER_DEFAULT 
2018-04-16 18:18:10.436  INFO 5312 --- [http-nio-8080-exec-3] org.atmosphere.cpr.AtmosphereFramework   : Installed AtmosphereInterceptor Atmosphere JavaScript Protocol with priority AFTER_DEFAULT 
2018-04-16 18:18:10.438  INFO 5312 --- [http-nio-8080-exec-3] org.atmosphere.cpr.AtmosphereFramework   : Installed AtmosphereInterceptor org.atmosphere.interceptor.WebSocketMessageSuspendInterceptor with priority AFTER_DEFAULT 
2018-04-16 18:18:10.438  INFO 5312 --- [http-nio-8080-exec-3] org.atmosphere.cpr.AtmosphereFramework   : Installed AtmosphereInterceptor Browser disconnection detection with priority AFTER_DEFAULT 
2018-04-16 18:18:10.438  INFO 5312 --- [http-nio-8080-exec-3] org.atmosphere.cpr.AtmosphereFramework   : Installed AtmosphereInterceptor org.atmosphere.interceptor.IdleResourceInterceptor with priority BEFORE_DEFAULT 
2018-04-16 18:18:10.441  INFO 5312 --- [http-nio-8080-exec-3] org.atmosphere.cpr.AtmosphereFramework   : Using EndpointMapper class org.atmosphere.util.DefaultEndpointMapper
2018-04-16 18:18:10.441  INFO 5312 --- [http-nio-8080-exec-3] org.atmosphere.cpr.AtmosphereFramework   : Using BroadcasterCache: org.atmosphere.cache.UUIDBroadcasterCache
2018-04-16 18:18:10.441  INFO 5312 --- [http-nio-8080-exec-3] org.atmosphere.cpr.AtmosphereFramework   : Default Broadcaster Class: org.atmosphere.cpr.DefaultBroadcaster
2018-04-16 18:18:10.443  INFO 5312 --- [http-nio-8080-exec-3] org.atmosphere.cpr.AtmosphereFramework   : Broadcaster Shared List Resources: false
2018-04-16 18:18:10.443  INFO 5312 --- [http-nio-8080-exec-3] org.atmosphere.cpr.AtmosphereFramework   : Broadcaster Polling Wait Time 100
2018-04-16 18:18:10.443  INFO 5312 --- [http-nio-8080-exec-3] org.atmosphere.cpr.AtmosphereFramework   : Shared ExecutorService supported: true
2018-04-16 18:18:10.443  INFO 5312 --- [http-nio-8080-exec-3] org.atmosphere.cpr.AtmosphereFramework   : Messaging ExecutorService Pool Size unavailable - Not instance of ThreadPoolExecutor
2018-04-16 18:18:10.443  INFO 5312 --- [http-nio-8080-exec-3] org.atmosphere.cpr.AtmosphereFramework   : Async I/O Thread Pool Size: 200
2018-04-16 18:18:10.446  INFO 5312 --- [http-nio-8080-exec-3] org.atmosphere.cpr.AtmosphereFramework   : Using BroadcasterFactory: org.atmosphere.cpr.DefaultBroadcasterFactory
2018-04-16 18:18:10.446  INFO 5312 --- [http-nio-8080-exec-3] org.atmosphere.cpr.AtmosphereFramework   : Using AtmosphereResurceFactory: org.atmosphere.cpr.DefaultAtmosphereResourceFactory
2018-04-16 18:18:10.446  INFO 5312 --- [http-nio-8080-exec-3] org.atmosphere.cpr.AtmosphereFramework   : Using WebSocketProcessor: org.atmosphere.websocket.DefaultWebSocketProcessor
2018-04-16 18:18:10.452  INFO 5312 --- [http-nio-8080-exec-3] org.atmosphere.cpr.AtmosphereFramework   : Invoke AtmosphereInterceptor on WebSocket message true
2018-04-16 18:18:10.452  INFO 5312 --- [http-nio-8080-exec-3] org.atmosphere.cpr.AtmosphereFramework   : HttpSession supported: true
2018-04-16 18:18:10.452  INFO 5312 --- [http-nio-8080-exec-3] org.atmosphere.cpr.AtmosphereFramework   : Atmosphere is using DefaultAtmosphereObjectFactory for dependency injection and object creation
2018-04-16 18:18:10.453  INFO 5312 --- [http-nio-8080-exec-3] org.atmosphere.cpr.AtmosphereFramework   : Atmosphere is using async support: org.atmosphere.container.JSR356AsyncSupport running under container: Apache Tomcat/8.5.14 using javax.servlet/3.0 and jsr356/WebSocket API
2018-04-16 18:18:10.453  INFO 5312 --- [http-nio-8080-exec-3] org.atmosphere.cpr.AtmosphereFramework   : Atmosphere Framework 2.4.5.vaadin2 started.
2018-04-16 18:18:10.465  INFO 5312 --- [http-nio-8080-exec-3] org.atmosphere.cpr.AtmosphereFramework   : Installed AtmosphereInterceptor  Track Message Size Interceptor using | with priority BEFORE_DEFAULT 
2018-04-16 18:18:10.513  INFO 5312 --- [http-nio-8080-exec-3] c.vaadin.spring.server.SpringUIProvider  : Checking the application context for Vaadin UIs
2018-04-16 18:18:10.537  INFO 5312 --- [http-nio-8080-exec-3] c.vaadin.spring.server.SpringUIProvider  : Found Vaadin UI [com.training.quizzer.ui.quizzerUI]
2018-04-16 18:18:11.006  INFO 5312 --- [http-nio-8080-exec-1] c.v.spring.navigator.SpringViewProvider  : Looking up SpringViews
2018-04-16 18:18:11.026  INFO 5312 --- [http-nio-8080-exec-1] c.v.spring.navigator.SpringViewProvider  : 26 SpringViews found
2018-04-16 18:18:11.109  WARN 5312 --- [http-nio-8080-exec-1] c.v.spring.internal.DefaultViewCache     : The Navigator used does not extend SpringNavigator. View scope support may be limited, and future versions of Vaadin Spring may remove support for using a plain Navigator.
2018-04-16 18:18:11.759  WARN 5312 --- [http-nio-8080-exec-8] org.atmosphere.util.IOUtils              : More than one Servlet Mapping defined. WebSocket may not work org.apache.catalina.core.ApplicationServletRegistration@8c937fe
2018-04-16 18:18:45.411  INFO 5312 --- [http-nio-8080-exec-8] c.training.quizzer.service.UserService   : Entered method findByName(name= [testing10])
2018-04-16 18:18:45.439  INFO 5312 --- [http-nio-8080-exec-8] c.training.quizzer.service.UserService   : Entered method save(User user)
2018-04-16 18:18:45.441  INFO 5312 --- [http-nio-8080-exec-8] c.training.quizzer.service.UserService   : Saving user: [User [id=null, name=testing10, password=testing10, role=USER, status=ACTIVE, domain=BIOLOGY, first=YES]])
2018-04-16 18:18:45.506  INFO 5312 --- [http-nio-8080-exec-8] c.training.quizzer.service.UserService   : Saved user is User [id=10013, name=testing10, password=testing10, role=USER, status=ACTIVE, domain=BIOLOGY, first=YES]
2018-04-16 18:19:17.319  INFO 5312 --- [http-nio-8080-exec-3] com.training.quizzer.ui.view.LoginView   : user validatedUser [id=null, name=testing10, password=testing10, role=null, status=null, domain=null, first=null]
2018-04-16 18:19:17.319  INFO 5312 --- [http-nio-8080-exec-3] c.training.quizzer.service.UserService   : Entered method findByNameAndPassword(name= [testing10], password= [testing10])
2018-04-16 18:20:08.157  INFO 5312 --- [http-nio-8080-exec-8] c.training.quizzer.service.UserService   : Entered method save(User user)
2018-04-16 18:20:08.157  INFO 5312 --- [http-nio-8080-exec-8] c.training.quizzer.service.UserService   : Saving user: [User [id=10013, name=testing10, password=testing10, role=USER, status=ACTIVE, domain=BIOLOGY, first=NO]])
2018-04-16 18:20:08.205  INFO 5312 --- [http-nio-8080-exec-8] c.training.quizzer.service.UserService   : Saved user is User [id=10013, name=testing10, password=testing10, role=USER, status=ACTIVE, domain=BIOLOGY, first=NO]
2018-04-16 18:21:24.173  INFO 5312 --- [http-nio-8080-exec-3] c.training.quizzer.service.UserService   : Entered method save(User user)
2018-04-16 18:21:24.173  INFO 5312 --- [http-nio-8080-exec-3] c.training.quizzer.service.UserService   : Saving user: [User [id=10013, name=testing10, password=testing10, role=USER, status=ACTIVE, domain=BIOLOGY, first=NO]])
2018-04-16 18:21:24.200  INFO 5312 --- [http-nio-8080-exec-3] c.training.quizzer.service.UserService   : Saved user is User [id=10013, name=testing10, password=testing10, role=USER, status=ACTIVE, domain=BIOLOGY, first=NO]
2018-04-16 18:21:46.461  INFO 5312 --- [http-nio-8080-exec-6] c.training.quizzer.service.UserService   : Entered method save(User user)
2018-04-16 18:21:46.463  INFO 5312 --- [http-nio-8080-exec-6] c.training.quizzer.service.UserService   : Saving user: [User [id=10013, name=testing10, password=testing10, role=USER, status=ACTIVE, domain=BIOLOGY, first=NO]])
2018-04-16 18:21:46.488  INFO 5312 --- [http-nio-8080-exec-6] c.training.quizzer.service.UserService   : Saved user is User [id=10013, name=testing10, password=testing10, role=USER, status=ACTIVE, domain=BIOLOGY, first=NO]
2018-04-16 18:22:16.218  INFO 5312 --- [http-nio-8080-exec-8] c.training.quizzer.service.UserService   : Entered method save(User user)
2018-04-16 18:22:16.218  INFO 5312 --- [http-nio-8080-exec-8] c.training.quizzer.service.UserService   : Saving user: [User [id=10013, name=testing10, password=testing10, role=USER, status=ACTIVE, domain=BIOLOGY, first=NO]])
2018-04-16 18:22:16.253  INFO 5312 --- [http-nio-8080-exec-8] c.training.quizzer.service.UserService   : Saved user is User [id=10013, name=testing10, password=testing10, role=USER, status=ACTIVE, domain=BIOLOGY, first=NO]
2018-04-16 18:26:34.840  INFO 5312 --- [http-nio-8080-exec-8] com.training.quizzer.ui.view.LoginView   : user validatedUser [id=null, name=admin, password=admin, role=null, status=null, domain=null, first=null]
2018-04-16 18:26:34.840  INFO 5312 --- [http-nio-8080-exec-8] c.training.quizzer.service.UserService   : Entered method findByNameAndPassword(name= [admin], password= [admin])
